<?xml version="1.0" encoding="UTF-8"?>
<testng-results skipped="0" failed="0" ignored="2" total="3" passed="1">
  <reporter-output>
  </reporter-output>
  <suite name="Default suite" duration-ms="3636" started-at="2019-06-01T14:13:37Z" finished-at="2019-06-01T14:13:41Z">
    <groups>
    </groups>
    <test name="Default test" duration-ms="3636" started-at="2019-06-01T14:13:37Z" finished-at="2019-06-01T14:13:41Z">
      <class name="Com.Mukesh.Api.getData">
        <test-method status="PASS" signature="postcallworking(java.lang.String)[pri:0, instance:Com.Mukesh.Api.getData@1786f9d5]" name="postcallworking" duration-ms="3590" started-at="2019-06-01T14:13:37Z" data-provider="postdataprovider" finished-at="2019-06-01T14:13:41Z">
          <params>
            <param index="0">
              <value>
                <![CDATA[{"name":"morpheus","job":"zion resident"}]]>
              </value>
            </param>
          </params>
          <reporter-output>
          </reporter-output>
        </test-method> <!-- postcallworking -->
      </class> <!-- Com.Mukesh.Api.getData -->
    </test> <!-- Default test -->
  </suite> <!-- Default suite -->
</testng-results>
