<?xml version="1.0" encoding="UTF-8"?>
<!-- Generated by org.testng.reporters.JUnitXMLReporter -->
<testsuite hostname="INCHLPT113" ignored="2" name="Default test" tests="1" failures="0" timestamp="01 Jun 2019 14:13:41 GMT" time="3.636" errors="0">
  <testcase name="postcallworking" time="3.59" classname="Com.Mukesh.Api.getData"/>
  <testcase name="validateResponsebody" time="0.0" classname="Com.Mukesh.Api.getData">
    <ignored/>
  </testcase> <!-- validateResponsebody -->
  <testcase name="getstatuscodeandLine" time="0.0" classname="Com.Mukesh.Api.getData">
    <ignored/>
  </testcase> <!-- getstatuscodeandLine -->
</testsuite> <!-- Default test -->
